<?xml version="1.0" encoding="UTF-8"?>
<!-- Generated by org.testng.reporters.JUnitXMLReporter -->
<testsuite ignored="12" hostname="DESKTOP-BMDQDQJ" failures="0" tests="1" name="Default test" time="97.185" errors="0" timestamp="04 Dec 2020 11:29:43 GMT">
  <testcase classname="suite.test.RegisteredCheckoutTest" name="co_1" time="91.857"/>
  <testcase classname="suite.test.RegisteredCheckoutTest" name="co_10" time="0.0">
    <ignored/>
  </testcase> <!-- co_10 -->
  <testcase classname="suite.test.RegisteredCheckoutTest" name="co_12" time="0.0">
    <ignored/>
  </testcase> <!-- co_12 -->
  <testcase classname="suite.test.RegisteredCheckoutTest" name="co_11" time="0.0">
    <ignored/>
  </testcase> <!-- co_11 -->
  <testcase classname="suite.test.RegisteredCheckoutTest" name="co_13" time="0.0">
    <ignored/>
  </testcase> <!-- co_13 -->
  <testcase classname="suite.test.RegisteredCheckoutTest" name="co_3" time="0.0">
    <ignored/>
  </testcase> <!-- co_3 -->
  <testcase classname="suite.test.RegisteredCheckoutTest" name="co_2" time="0.0">
    <ignored/>
  </testcase> <!-- co_2 -->
  <testcase classname="suite.test.RegisteredCheckoutTest" name="co_5" time="0.0">
    <ignored/>
  </testcase> <!-- co_5 -->
  <testcase classname="suite.test.RegisteredCheckoutTest" name="co_4" time="0.0">
    <ignored/>
  </testcase> <!-- co_4 -->
  <testcase classname="suite.test.RegisteredCheckoutTest" name="co_7" time="0.0">
    <ignored/>
  </testcase> <!-- co_7 -->
  <testcase classname="suite.test.RegisteredCheckoutTest" name="co_6" time="0.0">
    <ignored/>
  </testcase> <!-- co_6 -->
  <testcase classname="suite.test.RegisteredCheckoutTest" name="co_9" time="0.0">
    <ignored/>
  </testcase> <!-- co_9 -->
  <testcase classname="suite.test.RegisteredCheckoutTest" name="co_8" time="0.0">
    <ignored/>
  </testcase> <!-- co_8 -->
</testsuite> <!-- Default test -->
